<?xml version="1.0" encoding="UTF-8"?>
<testsuite name="com.dws.challenge.AccountsControllerTest" tests="1" skipped="0" failures="0" errors="0" timestamp="2022-12-01T07:22:49" hostname="L1493" time="15.624">
  <properties/>
  <testcase name="moneyTransfer()" classname="com.dws.challenge.AccountsControllerTest" time="15.624"/>
  <system-out><![CDATA[12:52:48.622 [Test worker] DEBUG org.springframework.test.context.BootstrapUtils - Instantiating CacheAwareContextLoaderDelegate from class [org.springframework.test.context.cache.DefaultCacheAwareContextLoaderDelegate]
12:52:48.628 [Test worker] DEBUG org.springframework.test.context.BootstrapUtils - Instantiating BootstrapContext using constructor [public org.springframework.test.context.support.DefaultBootstrapContext(java.lang.Class,org.springframework.test.context.CacheAwareContextLoaderDelegate)]
12:52:48.650 [Test worker] DEBUG org.springframework.test.context.BootstrapUtils - Instantiating TestContextBootstrapper for test class [com.dws.challenge.AccountsControllerTest] from class [org.springframework.boot.test.context.SpringBootTestContextBootstrapper]
12:52:48.654 [Test worker] INFO org.springframework.boot.test.context.SpringBootTestContextBootstrapper - Neither @ContextConfiguration nor @ContextHierarchy found for test class [com.dws.challenge.AccountsControllerTest], using SpringBootContextLoader
12:52:48.657 [Test worker] DEBUG org.springframework.test.context.support.AbstractContextLoader - Did not detect default resource location for test class [com.dws.challenge.AccountsControllerTest]: class path resource [com/dws/challenge/AccountsControllerTest-context.xml] does not exist
12:52:48.657 [Test worker] DEBUG org.springframework.test.context.support.AbstractContextLoader - Did not detect default resource location for test class [com.dws.challenge.AccountsControllerTest]: class path resource [com/dws/challenge/AccountsControllerTestContext.groovy] does not exist
12:52:48.657 [Test worker] INFO org.springframework.test.context.support.AbstractContextLoader - Could not detect default resource locations for test class [com.dws.challenge.AccountsControllerTest]: no resource found for suffixes {-context.xml, Context.groovy}.
12:52:48.658 [Test worker] INFO org.springframework.test.context.support.AnnotationConfigContextLoaderUtils - Could not detect default configuration classes for test class [com.dws.challenge.AccountsControllerTest]: AccountsControllerTest does not declare any static, non-private, non-final, nested classes annotated with @Configuration.
12:52:48.684 [Test worker] DEBUG org.springframework.test.context.support.ActiveProfilesUtils - Could not find an 'annotation declaring class' for annotation type [org.springframework.test.context.ActiveProfiles] and class [com.dws.challenge.AccountsControllerTest]
12:52:48.724 [Test worker] DEBUG org.springframework.context.annotation.ClassPathScanningCandidateComponentProvider - Identified candidate component class: file [/home/test/Downloads/challenge/build/classes/java/main/com/dws/challenge/ChallengeApplication.class]
12:52:48.724 [Test worker] INFO org.springframework.boot.test.context.SpringBootTestContextBootstrapper - Found @SpringBootConfiguration com.dws.challenge.ChallengeApplication for test class com.dws.challenge.AccountsControllerTest
12:52:48.785 [Test worker] DEBUG org.springframework.boot.test.context.SpringBootTestContextBootstrapper - @TestExecutionListeners is not present for class [com.dws.challenge.AccountsControllerTest]: using defaults.
12:52:48.785 [Test worker] INFO org.springframework.boot.test.context.SpringBootTestContextBootstrapper - Loaded default TestExecutionListener class names from location [META-INF/spring.factories]: [org.springframework.boot.test.autoconfigure.restdocs.RestDocsTestExecutionListener, org.springframework.boot.test.autoconfigure.web.client.MockRestServiceServerResetTestExecutionListener, org.springframework.boot.test.autoconfigure.web.servlet.MockMvcPrintOnlyOnFailureTestExecutionListener, org.springframework.boot.test.autoconfigure.web.servlet.WebDriverTestExecutionListener, org.springframework.boot.test.autoconfigure.webservices.client.MockWebServiceServerTestExecutionListener, org.springframework.boot.test.mock.mockito.MockitoTestExecutionListener, org.springframework.boot.test.mock.mockito.ResetMocksTestExecutionListener, org.springframework.test.context.web.ServletTestExecutionListener, org.springframework.test.context.support.DirtiesContextBeforeModesTestExecutionListener, org.springframework.test.context.event.ApplicationEventsTestExecutionListener, org.springframework.test.context.support.DependencyInjectionTestExecutionListener, org.springframework.test.context.support.DirtiesContextTestExecutionListener, org.springframework.test.context.transaction.TransactionalTestExecutionListener, org.springframework.test.context.jdbc.SqlScriptsTestExecutionListener, org.springframework.test.context.event.EventPublishingTestExecutionListener]
12:52:48.801 [Test worker] DEBUG org.springframework.boot.test.context.SpringBootTestContextBootstrapper - Skipping candidate TestExecutionListener [org.springframework.test.context.transaction.TransactionalTestExecutionListener] due to a missing dependency. Specify custom listener classes or make the default listener classes and their required dependencies available. Offending class: [org/springframework/transaction/interceptor/TransactionAttributeSource]
12:52:48.802 [Test worker] DEBUG org.springframework.boot.test.context.SpringBootTestContextBootstrapper - Skipping candidate TestExecutionListener [org.springframework.test.context.jdbc.SqlScriptsTestExecutionListener] due to a missing dependency. Specify custom listener classes or make the default listener classes and their required dependencies available. Offending class: [org/springframework/transaction/interceptor/TransactionAttribute]
12:52:48.802 [Test worker] INFO org.springframework.boot.test.context.SpringBootTestContextBootstrapper - Using TestExecutionListeners: [org.springframework.test.context.web.ServletTestExecutionListener@29ad44e3, org.springframework.test.context.support.DirtiesContextBeforeModesTestExecutionListener@15bcf458, org.springframework.test.context.event.ApplicationEventsTestExecutionListener@5af9926a, org.springframework.boot.test.mock.mockito.MockitoTestExecutionListener@43c67247, org.springframework.boot.test.autoconfigure.SpringBootDependencyInjectionTestExecutionListener@fac80, org.springframework.test.context.support.DirtiesContextTestExecutionListener@726386ed, org.springframework.test.context.event.EventPublishingTestExecutionListener@649f2009, org.springframework.boot.test.autoconfigure.restdocs.RestDocsTestExecutionListener@14bb2297, org.springframework.boot.test.autoconfigure.web.client.MockRestServiceServerResetTestExecutionListener@69adf72c, org.springframework.boot.test.autoconfigure.web.servlet.MockMvcPrintOnlyOnFailureTestExecutionListener@797501a, org.springframework.boot.test.autoconfigure.web.servlet.WebDriverTestExecutionListener@1a15b789, org.springframework.boot.test.autoconfigure.webservices.client.MockWebServiceServerTestExecutionListener@57f791c6, org.springframework.boot.test.mock.mockito.ResetMocksTestExecutionListener@51650883]
12:52:48.804 [Test worker] DEBUG org.springframework.test.context.support.AbstractDirtiesContextTestExecutionListener - Before test class: context [DefaultTestContext@24f43aa3 testClass = AccountsControllerTest, testInstance = [null], testMethod = [null], testException = [null], mergedContextConfiguration = [WebMergedContextConfiguration@63fd4873 testClass = AccountsControllerTest, locations = '{}', classes = '{class com.dws.challenge.ChallengeApplication}', contextInitializerClasses = '[]', activeProfiles = '{}', propertySourceLocations = '{}', propertySourceProperties = '{org.springframework.boot.test.context.SpringBootTestContextBootstrapper=true}', contextCustomizers = set[org.springframework.boot.test.autoconfigure.actuate.metrics.MetricsExportContextCustomizerFactory$DisableMetricExportContextCustomizer@625abb97, org.springframework.boot.test.autoconfigure.properties.PropertyMappingContextCustomizer@0, org.springframework.boot.test.autoconfigure.web.servlet.WebDriverContextCustomizerFactory$Customizer@18025ced, org.springframework.boot.test.context.filter.ExcludeFilterContextCustomizer@3f0846c6, org.springframework.boot.test.json.DuplicateJsonObjectContextCustomizerFactory$DuplicateJsonObjectContextCustomizer@45e37a7e, org.springframework.boot.test.mock.mockito.MockitoContextCustomizer@0, org.springframework.boot.test.web.client.TestRestTemplateContextCustomizer@1bb564e2, org.springframework.test.context.web.socket.MockServerContainerContextCustomizer@1af146, org.springframework.boot.test.context.SpringBootTestArgs@1, org.springframework.boot.test.context.SpringBootTestWebEnvironment@e3b3b2f], resourceBasePath = 'src/main/webapp', contextLoader = 'org.springframework.boot.test.context.SpringBootContextLoader', parent = [null]], attributes = map['org.springframework.test.context.web.ServletTestExecutionListener.activateListener' -> true]], class annotated with @DirtiesContext [false] with mode [null].

  .   ____          _            __ _ _
 /\\ / ___'_ __ _ _(_)_ __  __ _ \ \ \ \
( ( )\___ | '_ | '_| | '_ \/ _` | \ \ \ \
 \\/  ___)| |_)| | | | | || (_| |  ) ) ) )
  '  |____| .__|_| |_|_| |_\__, | / / / /
 =========|_|==============|___/=/_/_/_/
 :: Spring Boot ::                (v2.7.6)

2022-12-01 12:52:48.984  INFO 111888 --- [    Test worker] c.dws.challenge.AccountsControllerTest   : Starting AccountsControllerTest using Java 11.0.16.1 on L1493 with PID 111888 (started by test in /home/test/Downloads/challenge)
2022-12-01 12:52:48.985  INFO 111888 --- [    Test worker] c.dws.challenge.AccountsControllerTest   : No active profile set, falling back to 1 default profile: "default"
2022-12-01 12:52:49.841  INFO 111888 --- [    Test worker] c.dws.challenge.AccountsControllerTest   : Started AccountsControllerTest in 1.016 seconds (JVM running for 1.741)
2022-12-01 12:52:50.028  INFO 111888 --- [    Test worker] o.s.b.t.m.w.SpringBootMockServletContext : Initializing Spring TestDispatcherServlet ''
2022-12-01 12:52:50.028  INFO 111888 --- [    Test worker] o.s.t.web.servlet.TestDispatcherServlet  : Initializing Servlet ''
2022-12-01 12:52:50.029  INFO 111888 --- [    Test worker] o.s.t.web.servlet.TestDispatcherServlet  : Completed initialization in 1 ms
2022-12-01 12:52:52.391  INFO 111888 --- [    Test worker] c.dws.challenge.web.AccountsController   : Received API request for money transfer.
2022-12-01 12:53:01.830  INFO 111888 --- [    Test worker] c.d.c.service.EmailNotificationService   : Sending notification to owner of Id-123: 30 amount transferred to account ID: Id-124
2022-12-01 12:53:01.837  INFO 111888 --- [    Test worker] c.d.c.service.EmailNotificationService   : Sending notification to owner of Id-124: 30 amount received from account ID: Id-123
]]></system-out>
  <system-err><![CDATA[]]></system-err>
</testsuite>
